<?xml version="1.0" encoding="UTF-8"?>
<testng-results ignored="0" total="1" passed="1" failed="0" skipped="0">
  <reporter-output>
    <line>
      <![CDATA[Open Browser]]>
    </line>
    <line>
      <![CDATA[Login]]>
    </line>
    <line>
      <![CDATA[Logout]]>
    </line>
    <line>
      <![CDATA[Close Browser]]>
    </line>
  </reporter-output>
  <suite started-at="2023-10-02T16:12:38 IST" name="Default suite" finished-at="2023-10-02T16:12:58 IST" duration-ms="19643">
    <groups>
    </groups>
    <test started-at="2023-10-02T16:12:38 IST" name="Default test" finished-at="2023-10-02T16:12:58 IST" duration-ms="19643">
      <class name="com.facebook.testscript.UpdateProfile">
        <test-method is-config="true" signature="openBrowser()[pri:0, instance:com.facebook.testscript.UpdateProfile@7a93b263]" started-at="2023-10-02T16:12:39 IST" name="openBrowser" finished-at="2023-10-02T16:12:47 IST" duration-ms="8197" status="PASS">
          <reporter-output>
            <line>
              <![CDATA[Open Browser]]>
            </line>
          </reporter-output>
        </test-method> <!-- openBrowser -->
        <test-method is-config="true" signature="login()[pri:0, instance:com.facebook.testscript.UpdateProfile@7a93b263]" started-at="2023-10-02T16:12:47 IST" name="login" finished-at="2023-10-02T16:12:49 IST" duration-ms="1869" status="PASS">
          <reporter-output>
            <line>
              <![CDATA[Login]]>
            </line>
          </reporter-output>
        </test-method> <!-- login -->
        <test-method signature="loginNewUser()[pri:1, instance:com.facebook.testscript.UpdateProfile@7a93b263]" started-at="2023-10-02T16:12:49 IST" name="loginNewUser" description="verifying login page test" finished-at="2023-10-02T16:12:49 IST" duration-ms="56" status="PASS">
          <reporter-output>
          </reporter-output>
        </test-method> <!-- loginNewUser -->
        <test-method is-config="true" signature="logout()[pri:0, instance:com.facebook.testscript.UpdateProfile@7a93b263]" started-at="2023-10-02T16:12:49 IST" name="logout" finished-at="2023-10-02T16:12:58 IST" duration-ms="8993" status="PASS">
          <reporter-output>
            <line>
              <![CDATA[Logout]]>
            </line>
          </reporter-output>
        </test-method> <!-- logout -->
        <test-method is-config="true" signature="closeBrowser()[pri:0, instance:com.facebook.testscript.UpdateProfile@7a93b263]" started-at="2023-10-02T16:12:58 IST" name="closeBrowser" finished-at="2023-10-02T16:12:58 IST" duration-ms="328" status="PASS">
          <reporter-output>
            <line>
              <![CDATA[Close Browser]]>
            </line>
          </reporter-output>
        </test-method> <!-- closeBrowser -->
      </class> <!-- com.facebook.testscript.UpdateProfile -->
    </test> <!-- Default test -->
  </suite> <!-- Default suite -->
</testng-results>
